<?xml version="1.0" encoding="UTF-8"?>
<testng-results ignored="0" total="2" passed="2" failed="0" skipped="0">
  <reporter-output>
  </reporter-output>
  <suite started-at="2025-04-23T18:51:48 IST" name="Default suite" finished-at="2025-04-23T18:51:55 IST" duration-ms="6716">
    <groups>
    </groups>
    <test started-at="2025-04-23T18:51:48 IST" name="Default test" finished-at="2025-04-23T18:51:55 IST" duration-ms="6716">
      <class name="Zadoon.Project.Web_Form">
        <test-method signature="demoWebForm()[pri:1, instance:Zadoon.Project.Web_Form@ff684e1]" started-at="2025-04-23T18:51:48 IST" name="demoWebForm" finished-at="2025-04-23T18:51:55 IST" duration-ms="6307" status="PASS">
          <reporter-output>
          </reporter-output>
        </test-method> <!-- demoWebForm -->
        <test-method signature="shadow_root1()[pri:21, instance:Zadoon.Project.Web_Form@ff684e1]" started-at="2025-04-23T18:51:55 IST" name="shadow_root1" finished-at="2025-04-23T18:51:55 IST" duration-ms="306" status="PASS">
          <reporter-output>
          </reporter-output>
        </test-method> <!-- shadow_root1 -->
      </class> <!-- Zadoon.Project.Web_Form -->
    </test> <!-- Default test -->
  </suite> <!-- Default suite -->
</testng-results>
